#-----------------------------------------------------------
# Vivado v2024.2.2 (64-bit)
# SW Build 6060944 on Thu Mar 06 19:10:09 MST 2025
# IP Build 6050500 on Thu Mar  6 23:33:39 MST 2025
# SharedData Build 6060542 on Thu Mar 06 10:31:07 MST 2025
# Start of session at: Wed Feb  4 22:52:51 2026
# Process ID         : 2937355
# Current directory  : /home/amd/Documents/MATLAB/Examples/R2025a/whdl/WLANHDLTimeAndFrequencySynchronizationExample/hdl_prj/hdlsrc/wlanhdlTimeAndFrequencySynchronization
# Command line       : vivado -tcl WLANTimeAndFrequencySynchronization_vivado.tcl
# Log file           : /home/amd/Documents/MATLAB/Examples/R2025a/whdl/WLANHDLTimeAndFrequencySynchronizationExample/hdl_prj/hdlsrc/wlanhdlTimeAndFrequencySynchronization/vivado.log
# Journal file       : /home/amd/Documents/MATLAB/Examples/R2025a/whdl/WLANHDLTimeAndFrequencySynchronizationExample/hdl_prj/hdlsrc/wlanhdlTimeAndFrequencySynchronization/vivado.jou
# Running On         : amd
# Platform           : Ubuntu
# Operating System   : Ubuntu 22.04.5 LTS
# Processor Detail   : AMD Ryzen 5 7640HS w/ Radeon 760M Graphics
# CPU Frequency      : 2287.406 MHz
# CPU Physical cores : 6
# CPU Logical cores  : 12
# Host memory        : 31248 MB
# Swap memory        : 10737 MB
# Total Virtual      : 41985 MB
# Available Virtual  : 15950 MB
#-----------------------------------------------------------
start_gui
WARNING: [Board 49-26] cannot add Board Part xilinx.com:zcu208ld:part0:2.0 available at /opt/Xilinx/Vivado/2024.2/data/xhub/boards/XilinxBoardStore/boards/Xilinx/zcu208ld/production/2.0/board.xml as part xczu58dr-fsvg1517-2-i specified in board_part file is either invalid or not available
WARNING: [Board 49-26] cannot add Board Part xilinx.com:zcu216ld:part0:2.0 available at /opt/Xilinx/Vivado/2024.2/data/xhub/boards/XilinxBoardStore/boards/Xilinx/zcu216ld/production/2.0/board.xml as part xczu59dr-ffvf1760-2-i specified in board_part file is either invalid or not available
WARNING: [Board 49-26] cannot add Board Part xilinx.com:zcu670ld:part0:1.0 available at /opt/Xilinx/Vivado/2024.2/data/xhub/boards/XilinxBoardStore/boards/Xilinx/zcu670ld/1.0/board.xml as part xczu57dr-fsve1156-2-i specified in board_part file is either invalid or not available
exit
INFO: [Common 17-206] Exiting Vivado at Wed Feb  4 22:57:27 2026...
