

================================================================
== Vitis HLS Report for 'module0_prefilter_Pipeline_PREFILTER_LOOP'
================================================================
* Date:           Wed Feb  4 21:04:49 2026

* Version:        2024.2.2 (Build 6049644 on Mar  5 2025)
* Project:        system_top
* Solution:       hls (Vivado IP Flow Target)
* Product family: zynq
* Target device:  xc7z020-clg400-1


================================================================
== Performance Estimates
================================================================
+ Timing: 
    * Summary: 
    +--------+----------+----------+------------+
    |  Clock |  Target  | Estimated| Uncertainty|
    +--------+----------+----------+------------+
    |ap_clk  |  10.00 ns|  7.680 ns|     1.25 ns|
    +--------+----------+----------+------------+

+ Latency: 
    * Summary: 
    +---------+---------+----------+----------+-----+-----+------------------------------------------------+
    |  Latency (cycles) |  Latency (absolute) |  Interval |                    Pipeline                    |
    |   min   |   max   |    min   |    max   | min | max |                      Type                      |
    +---------+---------+----------+----------+-----+-----+------------------------------------------------+
    |        ?|        ?|         ?|         ?|    0|    0|  loop auto-rewind stp (delay=0 clock cycles(s))|
    +---------+---------+----------+----------+-----+-----+------------------------------------------------+

    + Detail: 
        * Instance: 
        N/A

        * Loop: 
        +------------------+---------+---------+----------+-----------+-----------+------+----------+
        |                  |  Latency (cycles) | Iteration|  Initiation Interval  | Trip |          |
        |     Loop Name    |   min   |   max   |  Latency |  achieved |   target  | Count| Pipelined|
        +------------------+---------+---------+----------+-----------+-----------+------+----------+
        |- PREFILTER_LOOP  |        ?|        ?|        24|          1|          1|     ?|       yes|
        +------------------+---------+---------+----------+-----------+-----------+------+----------+



================================================================
== Utilization Estimates
================================================================
* Summary: 
+-----------------+---------+-----+--------+-------+-----+
|       Name      | BRAM_18K| DSP |   FF   |  LUT  | URAM|
+-----------------+---------+-----+--------+-------+-----+
|DSP              |        -|   40|       -|      -|    -|
|Expression       |        -|    -|       0|   1907|    -|
|FIFO             |        -|    -|       -|      -|    -|
|Instance         |        -|    2|       0|     12|    -|
|Memory           |        -|    -|       -|      -|    -|
|Multiplexer      |        -|    -|       0|    963|    -|
|Register         |        -|    -|    5547|   1440|    -|
+-----------------+---------+-----+--------+-------+-----+
|Total            |        0|   42|    5547|   4322|    0|
+-----------------+---------+-----+--------+-------+-----+
|Available        |      280|  220|  106400|  53200|    0|
+-----------------+---------+-----+--------+-------+-----+
|Utilization (%)  |        0|   19|       5|      8|    0|
+-----------------+---------+-----+--------+-------+-----+

+ Detail: 
    * Instance: 
    +-----------------------+--------------------+---------+----+---+----+-----+
    |        Instance       |       Module       | BRAM_18K| DSP| FF| LUT| URAM|
    +-----------------------+--------------------+---------+----+---+----+-----+
    |mul_16s_11s_27_1_1_U2  |mul_16s_11s_27_1_1  |        0|   1|  0|   6|    0|
    |mul_16s_11s_27_1_1_U3  |mul_16s_11s_27_1_1  |        0|   1|  0|   6|    0|
    +-----------------------+--------------------+---------+----+---+----+-----+
    |Total                  |                    |        0|   2|  0|  12|    0|
    +-----------------------+--------------------+---------+----+---+----+-----+

    * DSP: 
    +-------------------------------------+---------------------------------+--------------+
    |               Instance              |              Module             |  Expression  |
    +-------------------------------------+---------------------------------+--------------+
    |mac_muladd_16s_10ns_27s_27_4_1_U6    |mac_muladd_16s_10ns_27s_27_4_1   |  i0 + i1 * i2|
    |mac_muladd_16s_10ns_27s_27_4_1_U7    |mac_muladd_16s_10ns_27s_27_4_1   |  i0 + i1 * i2|
    |mac_muladd_16s_10ns_30s_30_4_1_U32   |mac_muladd_16s_10ns_30s_30_4_1   |  i0 + i1 * i2|
    |mac_muladd_16s_10ns_30s_30_4_1_U33   |mac_muladd_16s_10ns_30s_30_4_1   |  i0 + i1 * i2|
    |mac_muladd_16s_10ns_30s_30_4_1_U36   |mac_muladd_16s_10ns_30s_30_4_1   |  i0 + i1 * i2|
    |mac_muladd_16s_10ns_30s_30_4_1_U37   |mac_muladd_16s_10ns_30s_30_4_1   |  i0 + i1 * i2|
    |mac_muladd_16s_10ns_30s_30_4_1_U40   |mac_muladd_16s_10ns_30s_30_4_1   |  i0 + i1 * i2|
    |mac_muladd_16s_10ns_30s_30_4_1_U41   |mac_muladd_16s_10ns_30s_30_4_1   |  i0 + i1 * i2|
    |mac_muladd_16s_10s_30s_30_4_1_U22    |mac_muladd_16s_10s_30s_30_4_1    |  i0 + i1 * i2|
    |mac_muladd_16s_10s_30s_30_4_1_U23    |mac_muladd_16s_10s_30s_30_4_1    |  i0 + i1 * i2|
    |mac_muladd_16s_10s_30s_30_4_1_U26    |mac_muladd_16s_10s_30s_30_4_1    |  i0 + i1 * i2|
    |mac_muladd_16s_10s_30s_30_4_1_U27    |mac_muladd_16s_10s_30s_30_4_1    |  i0 + i1 * i2|
    |mac_muladd_16s_10s_30s_30_4_1_U30    |mac_muladd_16s_10s_30s_30_4_1    |  i0 + i1 * i2|
    |mac_muladd_16s_10s_30s_30_4_1_U31    |mac_muladd_16s_10s_30s_30_4_1    |  i0 + i1 * i2|
    |mac_muladd_16s_11s_30s_30_4_1_U34    |mac_muladd_16s_11s_30s_30_4_1    |  i0 + i1 * i2|
    |mac_muladd_16s_11s_30s_30_4_1_U35    |mac_muladd_16s_11s_30s_30_4_1    |  i0 + i1 * i2|
    |mac_muladd_16s_11s_30s_30_4_1_U38    |mac_muladd_16s_11s_30s_30_4_1    |  i0 + i1 * i2|
    |mac_muladd_16s_11s_30s_30_4_1_U39    |mac_muladd_16s_11s_30s_30_4_1    |  i0 + i1 * i2|
    |mac_muladd_16s_14ns_30ns_30_4_1_U42  |mac_muladd_16s_14ns_30ns_30_4_1  |  i0 + i1 * i2|
    |mac_muladd_16s_14ns_30ns_30_4_1_U43  |mac_muladd_16s_14ns_30ns_30_4_1  |  i0 + i1 * i2|
    |mac_muladd_16s_5s_20s_21_4_1_U4      |mac_muladd_16s_5s_20s_21_4_1     |  i0 + i1 * i2|
    |mac_muladd_16s_5s_20s_21_4_1_U5      |mac_muladd_16s_5s_20s_21_4_1     |  i0 + i1 * i2|
    |mac_muladd_16s_6ns_23s_24_4_1_U8     |mac_muladd_16s_6ns_23s_24_4_1    |  i0 + i1 * i2|
    |mac_muladd_16s_6ns_23s_24_4_1_U9     |mac_muladd_16s_6ns_23s_24_4_1    |  i0 + i1 * i2|
    |mac_muladd_16s_7ns_25s_26_4_1_U10    |mac_muladd_16s_7ns_25s_26_4_1    |  i0 + i1 * i2|
    |mac_muladd_16s_7ns_25s_26_4_1_U11    |mac_muladd_16s_7ns_25s_26_4_1    |  i0 + i1 * i2|
    |mac_muladd_16s_8ns_29s_30_4_1_U16    |mac_muladd_16s_8ns_29s_30_4_1    |  i0 + i1 * i2|
    |mac_muladd_16s_8ns_29s_30_4_1_U17    |mac_muladd_16s_8ns_29s_30_4_1    |  i0 + i1 * i2|
    |mac_muladd_16s_8s_26s_27_4_1_U12     |mac_muladd_16s_8s_26s_27_4_1     |  i0 + i1 * i2|
    |mac_muladd_16s_8s_26s_27_4_1_U13     |mac_muladd_16s_8s_26s_27_4_1     |  i0 + i1 * i2|
    |mac_muladd_16s_9ns_30s_30_4_1_U20    |mac_muladd_16s_9ns_30s_30_4_1    |  i0 + i1 * i2|
    |mac_muladd_16s_9ns_30s_30_4_1_U21    |mac_muladd_16s_9ns_30s_30_4_1    |  i0 + i1 * i2|
    |mac_muladd_16s_9ns_30s_30_4_1_U24    |mac_muladd_16s_9ns_30s_30_4_1    |  i0 + i1 * i2|
    |mac_muladd_16s_9ns_30s_30_4_1_U25    |mac_muladd_16s_9ns_30s_30_4_1    |  i0 + i1 * i2|
    |mac_muladd_16s_9ns_30s_30_4_1_U28    |mac_muladd_16s_9ns_30s_30_4_1    |  i0 + i1 * i2|
    |mac_muladd_16s_9ns_30s_30_4_1_U29    |mac_muladd_16s_9ns_30s_30_4_1    |  i0 + i1 * i2|
    |mac_muladd_16s_9s_28s_29_4_1_U14     |mac_muladd_16s_9s_28s_29_4_1     |  i0 + i1 * i2|
    |mac_muladd_16s_9s_28s_29_4_1_U15     |mac_muladd_16s_9s_28s_29_4_1     |  i0 + i1 * i2|
    |mac_muladd_16s_9s_30s_30_4_1_U18     |mac_muladd_16s_9s_30s_30_4_1     |  i0 + i1 * i2|
    |mac_muladd_16s_9s_30s_30_4_1_U19     |mac_muladd_16s_9s_30s_30_4_1     |  i0 + i1 * i2|
    +-------------------------------------+---------------------------------+--------------+

    * Memory: 
    N/A

    * FIFO: 
    N/A

    * Expression: 
    +-----------------------------------------+----------+----+---+----+------------+------------+
    |              Variable Name              | Operation| DSP| FF| LUT| Bitwidth P0| Bitwidth P1|
    +-----------------------------------------+----------+----+---+----+------------+------------+
    |add_ln44_fu_1144_p2                      |         +|   0|  0|  38|          31|           1|
    |add_ln66_1_fu_2495_p2                    |         +|   0|  0|  22|          22|          22|
    |add_ln66_23_fu_3636_p2                   |         +|   0|  0|  37|          30|          30|
    |add_ln66_24_fu_2323_p2                   |         +|   0|  0|  27|          20|          20|
    |add_ln66_25_fu_2489_p2                   |         +|   0|  0|  22|          22|          22|
    |add_ln66_26_fu_2973_p2                   |         +|   0|  0|  32|          25|          25|
    |add_ln66_2_fu_2607_p2                    |         +|   0|  0|  30|          23|          23|
    |add_ln66_4_fu_2767_p2                    |         +|   0|  0|  32|          25|          25|
    |add_ln66_7_fu_2983_p2                    |         +|   0|  0|  35|          28|          28|
    |add_ln67_1_fu_2539_p2                    |         +|   0|  0|  22|          22|          22|
    |add_ln67_23_fu_3645_p2                   |         +|   0|  0|  37|          30|          30|
    |add_ln67_24_fu_2373_p2                   |         +|   0|  0|  27|          20|          20|
    |add_ln67_25_fu_2533_p2                   |         +|   0|  0|  22|          22|          22|
    |add_ln67_26_fu_3033_p2                   |         +|   0|  0|  32|          25|          25|
    |add_ln67_2_fu_2659_p2                    |         +|   0|  0|  30|          23|          23|
    |add_ln67_4_fu_2827_p2                    |         +|   0|  0|  32|          25|          25|
    |add_ln67_7_fu_3043_p2                    |         +|   0|  0|  35|          28|          28|
    |out_count_2_fu_1155_p2                   |         +|   0|  0|  39|          32|           1|
    |sum_im_10_fu_1619_p2                     |         +|   0|  0|  23|          16|          16|
    |sum_im_11_fu_1631_p2                     |         +|   0|  0|  23|          16|          16|
    |sum_im_12_fu_1643_p2                     |         +|   0|  0|  23|          16|          16|
    |sum_im_13_fu_1655_p2                     |         +|   0|  0|  23|          16|          16|
    |sum_im_14_fu_1667_p2                     |         +|   0|  0|  23|          16|          16|
    |sum_im_15_fu_1679_p2                     |         +|   0|  0|  23|          16|          16|
    |sum_im_16_fu_1691_p2                     |         +|   0|  0|  23|          16|          16|
    |sum_im_17_fu_1703_p2                     |         +|   0|  0|  23|          16|          16|
    |sum_im_18_fu_1715_p2                     |         +|   0|  0|  23|          16|          16|
    |sum_im_19_fu_1727_p2                     |         +|   0|  0|  23|          16|          16|
    |sum_im_1_fu_1503_p2                      |         +|   0|  0|  23|          16|          16|
    |sum_im_20_fu_1739_p2                     |         +|   0|  0|  23|          16|          16|
    |sum_im_21_fu_1751_p2                     |         +|   0|  0|  23|          16|          16|
    |sum_im_22_fu_1763_p2                     |         +|   0|  0|  23|          16|          16|
    |sum_im_23_fu_1775_p2                     |         +|   0|  0|  23|          16|          16|
    |sum_im_24_fu_1787_p2                     |         +|   0|  0|  23|          16|          16|
    |sum_im_2_fu_1523_p2                      |         +|   0|  0|  23|          16|          16|
    |sum_im_3_fu_1535_p2                      |         +|   0|  0|  23|          16|          16|
    |sum_im_4_fu_1547_p2                      |         +|   0|  0|  23|          16|          16|
    |sum_im_5_fu_1559_p2                      |         +|   0|  0|  23|          16|          16|
    |sum_im_6_fu_1571_p2                      |         +|   0|  0|  23|          16|          16|
    |sum_im_7_fu_1583_p2                      |         +|   0|  0|  23|          16|          16|
    |sum_im_8_fu_1595_p2                      |         +|   0|  0|  23|          16|          16|
    |sum_im_9_fu_1607_p2                      |         +|   0|  0|  23|          16|          16|
    |sum_im_fu_1491_p2                        |         +|   0|  0|  23|          16|          16|
    |sum_re_10_fu_1613_p2                     |         +|   0|  0|  23|          16|          16|
    |sum_re_11_fu_1625_p2                     |         +|   0|  0|  23|          16|          16|
    |sum_re_12_fu_1637_p2                     |         +|   0|  0|  23|          16|          16|
    |sum_re_13_fu_1649_p2                     |         +|   0|  0|  23|          16|          16|
    |sum_re_14_fu_1661_p2                     |         +|   0|  0|  23|          16|          16|
    |sum_re_15_fu_1673_p2                     |         +|   0|  0|  23|          16|          16|
    |sum_re_16_fu_1685_p2                     |         +|   0|  0|  23|          16|          16|
    |sum_re_17_fu_1697_p2                     |         +|   0|  0|  23|          16|          16|
    |sum_re_18_fu_1709_p2                     |         +|   0|  0|  23|          16|          16|
    |sum_re_19_fu_1721_p2                     |         +|   0|  0|  23|          16|          16|
    |sum_re_1_fu_1497_p2                      |         +|   0|  0|  23|          16|          16|
    |sum_re_20_fu_1733_p2                     |         +|   0|  0|  23|          16|          16|
    |sum_re_21_fu_1745_p2                     |         +|   0|  0|  23|          16|          16|
    |sum_re_22_fu_1757_p2                     |         +|   0|  0|  23|          16|          16|
    |sum_re_23_fu_1769_p2                     |         +|   0|  0|  23|          16|          16|
    |sum_re_24_fu_1781_p2                     |         +|   0|  0|  23|          16|          16|
    |sum_re_2_fu_1517_p2                      |         +|   0|  0|  23|          16|          16|
    |sum_re_3_fu_1529_p2                      |         +|   0|  0|  23|          16|          16|
    |sum_re_4_fu_1541_p2                      |         +|   0|  0|  23|          16|          16|
    |sum_re_5_fu_1553_p2                      |         +|   0|  0|  23|          16|          16|
    |sum_re_6_fu_1565_p2                      |         +|   0|  0|  23|          16|          16|
    |sum_re_7_fu_1577_p2                      |         +|   0|  0|  23|          16|          16|
    |sum_re_8_fu_1589_p2                      |         +|   0|  0|  23|          16|          16|
    |sum_re_9_fu_1601_p2                      |         +|   0|  0|  23|          16|          16|
    |sum_re_fu_1485_p2                        |         +|   0|  0|  23|          16|          16|
    |sub_ln66_1_fu_2757_p2                    |         -|   0|  0|  30|          23|          23|
    |sub_ln66_fu_2597_p2                      |         -|   0|  0|  29|          22|          22|
    |sub_ln67_1_fu_2817_p2                    |         -|   0|  0|  30|          23|          23|
    |sub_ln67_fu_2649_p2                      |         -|   0|  0|  29|          22|          22|
    |ap_block_state25_pp0_stage0_iter24_grp1  |       and|   0|  0|   2|           1|           1|
    |ap_block_state3_pp0_stage0_iter2_grp1    |       and|   0|  0|   2|           1|           1|
    |ap_condition_2977                        |       and|   0|  0|   2|           1|           1|
    |icmp_ln44_fu_1139_p2                     |      icmp|   0|  0|  39|          32|          32|
    |icmp_ln73_fu_1150_p2                     |      icmp|   0|  0|  39|          32|          32|
    |ap_block_pp0_stage0_01001_grp1           |        or|   0|  0|   2|           1|           1|
    |ap_enable_pp0                            |       xor|   0|  0|   2|           1|           2|
    +-----------------------------------------+----------+----+---+----+------------+------------+
    |Total                                    |          |   0|  0|1907|        1412|        1352|
    +-----------------------------------------+----------+----+---+----+------------+------------+

    * Multiplexer: 
    +-------------------------+----+-----------+-----+-----------+
    |           Name          | LUT| Input Size| Bits| Total Bits|
    +-------------------------+----+-----------+-----+-----------+
    |ap_done_int              |   9|          2|    1|          2|
    |ap_enable_reg_pp0_iter1  |   9|          2|    1|          2|
    |ap_enable_reg_pp0_iter3  |   9|          2|    1|          2|
    |data_in_blk_n            |   9|          2|    1|          2|
    |m0_to_m1_data_blk_n      |   9|          2|    1|          2|
    |n_07_fu_186              |   9|          2|   31|         62|
    |out_count_fu_198         |   9|          2|   32|         64|
    |p_0_0_0599_1029_fu_270   |   9|          2|   16|         32|
    |p_0_0_0599_111_fu_194    |   9|          2|   16|         32|
    |p_0_0_0599_1131_fu_278   |   9|          2|   16|         32|
    |p_0_0_0599_1233_fu_286   |   9|          2|   16|         32|
    |p_0_0_0599_1335_fu_294   |   9|          2|   16|         32|
    |p_0_0_0599_1437_fu_302   |   9|          2|   16|         32|
    |p_0_0_0599_1539_fu_310   |   9|          2|   16|         32|
    |p_0_0_0599_1641_fu_318   |   9|          2|   16|         32|
    |p_0_0_0599_1743_fu_326   |   9|          2|   16|         32|
    |p_0_0_0599_1845_fu_334   |   9|          2|   16|         32|
    |p_0_0_0599_1947_fu_342   |   9|          2|   16|         32|
    |p_0_0_0599_2049_fu_350   |   9|          2|   16|         32|
    |p_0_0_0599_213_fu_206    |   9|          2|   16|         32|
    |p_0_0_0599_2151_fu_358   |   9|          2|   16|         32|
    |p_0_0_0599_2253_fu_366   |   9|          2|   16|         32|
    |p_0_0_0599_2355_fu_374   |   9|          2|   16|         32|
    |p_0_0_0599_2457_fu_382   |   9|          2|   16|         32|
    |p_0_0_0599_2559_fu_390   |   9|          2|   16|         32|
    |p_0_0_0599_2661_fu_398   |   9|          2|   16|         32|
    |p_0_0_0599_2763_fu_406   |   9|          2|   16|         32|
    |p_0_0_0599_2865_fu_414   |   9|          2|   16|         32|
    |p_0_0_0599_2967_fu_422   |   9|          2|   16|         32|
    |p_0_0_0599_3069_fu_430   |   9|          2|   16|         32|
    |p_0_0_0599_315_fu_214    |   9|          2|   16|         32|
    |p_0_0_0599_3171_fu_438   |   9|          2|   16|         32|
    |p_0_0_0599_3273_fu_446   |   9|          2|   16|         32|
    |p_0_0_0599_3375_fu_454   |   9|          2|   16|         32|
    |p_0_0_0599_3477_fu_462   |   9|          2|   16|         32|
    |p_0_0_0599_3579_fu_470   |   9|          2|   16|         32|
    |p_0_0_0599_3681_fu_478   |   9|          2|   16|         32|
    |p_0_0_0599_3783_fu_486   |   9|          2|   16|         32|
    |p_0_0_0599_3885_fu_494   |   9|          2|   16|         32|
    |p_0_0_0599_3987_fu_502   |   9|          2|   16|         32|
    |p_0_0_0599_4089_fu_510   |   9|          2|   16|         32|
    |p_0_0_0599_417_fu_222    |   9|          2|   16|         32|
    |p_0_0_0599_4191_fu_518   |   9|          2|   16|         32|
    |p_0_0_0599_4293_fu_526   |   9|          2|   16|         32|
    |p_0_0_0599_4395_fu_534   |   9|          2|   16|         32|
    |p_0_0_0599_4497_fu_542   |   9|          2|   16|         32|
    |p_0_0_0599_4599_fu_550   |   9|          2|   16|         32|
    |p_0_0_0599_46101_fu_558  |   9|          2|   16|         32|
    |p_0_0_0599_47103_fu_566  |   9|          2|   16|         32|
    |p_0_0_0599_48105_fu_574  |   9|          2|   16|         32|
    |p_0_0_0599_49107_fu_582  |   9|          2|   16|         32|
    |p_0_0_0599_49109_fu_590  |   9|          2|   16|         32|
    |p_0_0_0599_519_fu_230    |   9|          2|   16|         32|
    |p_0_0_0599_621_fu_238    |   9|          2|   16|         32|
    |p_0_0_0599_723_fu_246    |   9|          2|   16|         32|
    |p_0_0_0599_825_fu_254    |   9|          2|   16|         32|
    |p_0_0_0599_927_fu_262    |   9|          2|   16|         32|
    |p_0_0_0600_1028_fu_266   |   9|          2|   16|         32|
    |p_0_0_0600_110_fu_190    |   9|          2|   16|         32|
    |p_0_0_0600_1130_fu_274   |   9|          2|   16|         32|
    |p_0_0_0600_1232_fu_282   |   9|          2|   16|         32|
    |p_0_0_0600_1334_fu_290   |   9|          2|   16|         32|
    |p_0_0_0600_1436_fu_298   |   9|          2|   16|         32|
    |p_0_0_0600_1538_fu_306   |   9|          2|   16|         32|
    |p_0_0_0600_1640_fu_314   |   9|          2|   16|         32|
    |p_0_0_0600_1742_fu_322   |   9|          2|   16|         32|
    |p_0_0_0600_1844_fu_330   |   9|          2|   16|         32|
    |p_0_0_0600_1946_fu_338   |   9|          2|   16|         32|
    |p_0_0_0600_2048_fu_346   |   9|          2|   16|         32|
    |p_0_0_0600_212_fu_202    |   9|          2|   16|         32|
    |p_0_0_0600_2150_fu_354   |   9|          2|   16|         32|
    |p_0_0_0600_2252_fu_362   |   9|          2|   16|         32|
    |p_0_0_0600_2354_fu_370   |   9|          2|   16|         32|
    |p_0_0_0600_2456_fu_378   |   9|          2|   16|         32|
    |p_0_0_0600_2558_fu_386   |   9|          2|   16|         32|
    |p_0_0_0600_2660_fu_394   |   9|          2|   16|         32|
    |p_0_0_0600_2762_fu_402   |   9|          2|   16|         32|
    |p_0_0_0600_2864_fu_410   |   9|          2|   16|         32|
    |p_0_0_0600_2966_fu_418   |   9|          2|   16|         32|
    |p_0_0_0600_3068_fu_426   |   9|          2|   16|         32|
    |p_0_0_0600_314_fu_210    |   9|          2|   16|         32|
    |p_0_0_0600_3170_fu_434   |   9|          2|   16|         32|
    |p_0_0_0600_3272_fu_442   |   9|          2|   16|         32|
    |p_0_0_0600_3374_fu_450   |   9|          2|   16|         32|
    |p_0_0_0600_3476_fu_458   |   9|          2|   16|         32|
    |p_0_0_0600_3578_fu_466   |   9|          2|   16|         32|
    |p_0_0_0600_3680_fu_474   |   9|          2|   16|         32|
    |p_0_0_0600_3782_fu_482   |   9|          2|   16|         32|
    |p_0_0_0600_3884_fu_490   |   9|          2|   16|         32|
    |p_0_0_0600_3986_fu_498   |   9|          2|   16|         32|
    |p_0_0_0600_4088_fu_506   |   9|          2|   16|         32|
    |p_0_0_0600_416_fu_218    |   9|          2|   16|         32|
    |p_0_0_0600_4190_fu_514   |   9|          2|   16|         32|
    |p_0_0_0600_4292_fu_522   |   9|          2|   16|         32|
    |p_0_0_0600_4394_fu_530   |   9|          2|   16|         32|
    |p_0_0_0600_4496_fu_538   |   9|          2|   16|         32|
    |p_0_0_0600_4598_fu_546   |   9|          2|   16|         32|
    |p_0_0_0600_46100_fu_554  |   9|          2|   16|         32|
    |p_0_0_0600_47102_fu_562  |   9|          2|   16|         32|
    |p_0_0_0600_48104_fu_570  |   9|          2|   16|         32|
    |p_0_0_0600_49106_fu_578  |   9|          2|   16|         32|
    |p_0_0_0600_49108_fu_586  |   9|          2|   16|         32|
    |p_0_0_0600_518_fu_226    |   9|          2|   16|         32|
    |p_0_0_0600_620_fu_234    |   9|          2|   16|         32|
    |p_0_0_0600_722_fu_242    |   9|          2|   16|         32|
    |p_0_0_0600_824_fu_250    |   9|          2|   16|         32|
    |p_0_0_0600_926_fu_258    |   9|          2|   16|         32|
    +-------------------------+----+-----------+-----+-----------+
    |Total                    | 963|        214| 1668|       3336|
    +-------------------------+----+-----------+-----+-----------+

    * Register: 
    +-----------------------------------+----+----+-----+-----------+
    |                Name               | FF | LUT| Bits| Const Bits|
    +-----------------------------------+----+----+-----+-----------+
    |add_ln66_22_reg_5124               |  27|   0|   27|          0|
    |add_ln67_22_reg_5129               |  27|   0|   27|          0|
    |ap_CS_fsm                          |   1|   0|    1|          0|
    |ap_done_reg                        |   1|   0|    1|          0|
    |ap_enable_reg_pp0_iter1            |   1|   0|    1|          0|
    |ap_enable_reg_pp0_iter10           |   1|   0|    1|          0|
    |ap_enable_reg_pp0_iter11           |   1|   0|    1|          0|
    |ap_enable_reg_pp0_iter12           |   1|   0|    1|          0|
    |ap_enable_reg_pp0_iter13           |   1|   0|    1|          0|
    |ap_enable_reg_pp0_iter14           |   1|   0|    1|          0|
    |ap_enable_reg_pp0_iter15           |   1|   0|    1|          0|
    |ap_enable_reg_pp0_iter16           |   1|   0|    1|          0|
    |ap_enable_reg_pp0_iter17           |   1|   0|    1|          0|
    |ap_enable_reg_pp0_iter18           |   1|   0|    1|          0|
    |ap_enable_reg_pp0_iter19           |   1|   0|    1|          0|
    |ap_enable_reg_pp0_iter2            |   1|   0|    1|          0|
    |ap_enable_reg_pp0_iter20           |   1|   0|    1|          0|
    |ap_enable_reg_pp0_iter21           |   1|   0|    1|          0|
    |ap_enable_reg_pp0_iter22           |   1|   0|    1|          0|
    |ap_enable_reg_pp0_iter23           |   1|   0|    1|          0|
    |ap_enable_reg_pp0_iter24           |   1|   0|    1|          0|
    |ap_enable_reg_pp0_iter3            |   1|   0|    1|          0|
    |ap_enable_reg_pp0_iter4            |   1|   0|    1|          0|
    |ap_enable_reg_pp0_iter5            |   1|   0|    1|          0|
    |ap_enable_reg_pp0_iter6            |   1|   0|    1|          0|
    |ap_enable_reg_pp0_iter7            |   1|   0|    1|          0|
    |ap_enable_reg_pp0_iter8            |   1|   0|    1|          0|
    |ap_enable_reg_pp0_iter9            |   1|   0|    1|          0|
    |ap_loop_exit_ready_pp0_iter10_reg  |   1|   0|    1|          0|
    |ap_loop_exit_ready_pp0_iter11_reg  |   1|   0|    1|          0|
    |ap_loop_exit_ready_pp0_iter12_reg  |   1|   0|    1|          0|
    |ap_loop_exit_ready_pp0_iter13_reg  |   1|   0|    1|          0|
    |ap_loop_exit_ready_pp0_iter14_reg  |   1|   0|    1|          0|
    |ap_loop_exit_ready_pp0_iter15_reg  |   1|   0|    1|          0|
    |ap_loop_exit_ready_pp0_iter16_reg  |   1|   0|    1|          0|
    |ap_loop_exit_ready_pp0_iter17_reg  |   1|   0|    1|          0|
    |ap_loop_exit_ready_pp0_iter18_reg  |   1|   0|    1|          0|
    |ap_loop_exit_ready_pp0_iter19_reg  |   1|   0|    1|          0|
    |ap_loop_exit_ready_pp0_iter20_reg  |   1|   0|    1|          0|
    |ap_loop_exit_ready_pp0_iter21_reg  |   1|   0|    1|          0|
    |ap_loop_exit_ready_pp0_iter22_reg  |   1|   0|    1|          0|
    |ap_loop_exit_ready_pp0_iter23_reg  |   1|   0|    1|          0|
    |ap_loop_exit_ready_pp0_iter2_reg   |   1|   0|    1|          0|
    |ap_loop_exit_ready_pp0_iter3_reg   |   1|   0|    1|          0|
    |ap_loop_exit_ready_pp0_iter4_reg   |   1|   0|    1|          0|
    |ap_loop_exit_ready_pp0_iter5_reg   |   1|   0|    1|          0|
    |ap_loop_exit_ready_pp0_iter6_reg   |   1|   0|    1|          0|
    |ap_loop_exit_ready_pp0_iter7_reg   |   1|   0|    1|          0|
    |ap_loop_exit_ready_pp0_iter8_reg   |   1|   0|    1|          0|
    |ap_loop_exit_ready_pp0_iter9_reg   |   1|   0|    1|          0|
    |icmp_ln44_reg_4796                 |   1|   0|    1|          0|
    |icmp_ln73_reg_4800                 |   1|   0|    1|          0|
    |n_07_fu_186                        |  31|   0|   31|          0|
    |out_count_fu_198                   |  32|   0|   32|          0|
    |p_0_0_0599_1029_fu_270             |  16|   0|   16|          0|
    |p_0_0_0599_111_fu_194              |  16|   0|   16|          0|
    |p_0_0_0599_1131_fu_278             |  16|   0|   16|          0|
    |p_0_0_0599_1233_fu_286             |  16|   0|   16|          0|
    |p_0_0_0599_1335_fu_294             |  16|   0|   16|          0|
    |p_0_0_0599_1437_fu_302             |  16|   0|   16|          0|
    |p_0_0_0599_1539_fu_310             |  16|   0|   16|          0|
    |p_0_0_0599_1641_fu_318             |  16|   0|   16|          0|
    |p_0_0_0599_1743_fu_326             |  16|   0|   16|          0|
    |p_0_0_0599_1845_fu_334             |  16|   0|   16|          0|
    |p_0_0_0599_1947_fu_342             |  16|   0|   16|          0|
    |p_0_0_0599_2049_fu_350             |  16|   0|   16|          0|
    |p_0_0_0599_213_fu_206              |  16|   0|   16|          0|
    |p_0_0_0599_2151_fu_358             |  16|   0|   16|          0|
    |p_0_0_0599_2253_fu_366             |  16|   0|   16|          0|
    |p_0_0_0599_2355_fu_374             |  16|   0|   16|          0|
    |p_0_0_0599_2457_fu_382             |  16|   0|   16|          0|
    |p_0_0_0599_2559_fu_390             |  16|   0|   16|          0|
    |p_0_0_0599_2661_fu_398             |  16|   0|   16|          0|
    |p_0_0_0599_2661_load_reg_4809      |  16|   0|   16|          0|
    |p_0_0_0599_2763_fu_406             |  16|   0|   16|          0|
    |p_0_0_0599_2865_fu_414             |  16|   0|   16|          0|
    |p_0_0_0599_2967_fu_422             |  16|   0|   16|          0|
    |p_0_0_0599_3069_fu_430             |  16|   0|   16|          0|
    |p_0_0_0599_315_fu_214              |  16|   0|   16|          0|
    |p_0_0_0599_3171_fu_438             |  16|   0|   16|          0|
    |p_0_0_0599_3273_fu_446             |  16|   0|   16|          0|
    |p_0_0_0599_3375_fu_454             |  16|   0|   16|          0|
    |p_0_0_0599_3477_fu_462             |  16|   0|   16|          0|
    |p_0_0_0599_3579_fu_470             |  16|   0|   16|          0|
    |p_0_0_0599_3681_fu_478             |  16|   0|   16|          0|
    |p_0_0_0599_3783_fu_486             |  16|   0|   16|          0|
    |p_0_0_0599_3885_fu_494             |  16|   0|   16|          0|
    |p_0_0_0599_3987_fu_502             |  16|   0|   16|          0|
    |p_0_0_0599_4089_fu_510             |  16|   0|   16|          0|
    |p_0_0_0599_417_fu_222              |  16|   0|   16|          0|
    |p_0_0_0599_4191_fu_518             |  16|   0|   16|          0|
    |p_0_0_0599_4293_fu_526             |  16|   0|   16|          0|
    |p_0_0_0599_4395_fu_534             |  16|   0|   16|          0|
    |p_0_0_0599_4497_fu_542             |  16|   0|   16|          0|
    |p_0_0_0599_4599_fu_550             |  16|   0|   16|          0|
    |p_0_0_0599_46101_fu_558            |  16|   0|   16|          0|
    |p_0_0_0599_47103_fu_566            |  16|   0|   16|          0|
    |p_0_0_0599_48105_fu_574            |  16|   0|   16|          0|
    |p_0_0_0599_49107_fu_582            |  16|   0|   16|          0|
    |p_0_0_0599_49109_fu_590            |  16|   0|   16|          0|
    |p_0_0_0599_519_fu_230              |  16|   0|   16|          0|
    |p_0_0_0599_621_fu_238              |  16|   0|   16|          0|
    |p_0_0_0599_723_fu_246              |  16|   0|   16|          0|
    |p_0_0_0599_825_fu_254              |  16|   0|   16|          0|
    |p_0_0_0599_927_fu_262              |  16|   0|   16|          0|
    |p_0_0_0600_1028_fu_266             |  16|   0|   16|          0|
    |p_0_0_0600_110_fu_190              |  16|   0|   16|          0|
    |p_0_0_0600_1130_fu_274             |  16|   0|   16|          0|
    |p_0_0_0600_1232_fu_282             |  16|   0|   16|          0|
    |p_0_0_0600_1334_fu_290             |  16|   0|   16|          0|
    |p_0_0_0600_1436_fu_298             |  16|   0|   16|          0|
    |p_0_0_0600_1538_fu_306             |  16|   0|   16|          0|
    |p_0_0_0600_1640_fu_314             |  16|   0|   16|          0|
    |p_0_0_0600_1742_fu_322             |  16|   0|   16|          0|
    |p_0_0_0600_1844_fu_330             |  16|   0|   16|          0|
    |p_0_0_0600_1946_fu_338             |  16|   0|   16|          0|
    |p_0_0_0600_2048_fu_346             |  16|   0|   16|          0|
    |p_0_0_0600_212_fu_202              |  16|   0|   16|          0|
    |p_0_0_0600_2150_fu_354             |  16|   0|   16|          0|
    |p_0_0_0600_2252_fu_362             |  16|   0|   16|          0|
    |p_0_0_0600_2354_fu_370             |  16|   0|   16|          0|
    |p_0_0_0600_2456_fu_378             |  16|   0|   16|          0|
    |p_0_0_0600_2558_fu_386             |  16|   0|   16|          0|
    |p_0_0_0600_2660_fu_394             |  16|   0|   16|          0|
    |p_0_0_0600_2660_load_reg_4804      |  16|   0|   16|          0|
    |p_0_0_0600_2762_fu_402             |  16|   0|   16|          0|
    |p_0_0_0600_2864_fu_410             |  16|   0|   16|          0|
    |p_0_0_0600_2966_fu_418             |  16|   0|   16|          0|
    |p_0_0_0600_3068_fu_426             |  16|   0|   16|          0|
    |p_0_0_0600_314_fu_210              |  16|   0|   16|          0|
    |p_0_0_0600_3170_fu_434             |  16|   0|   16|          0|
    |p_0_0_0600_3272_fu_442             |  16|   0|   16|          0|
    |p_0_0_0600_3374_fu_450             |  16|   0|   16|          0|
    |p_0_0_0600_3476_fu_458             |  16|   0|   16|          0|
    |p_0_0_0600_3578_fu_466             |  16|   0|   16|          0|
    |p_0_0_0600_3680_fu_474             |  16|   0|   16|          0|
    |p_0_0_0600_3782_fu_482             |  16|   0|   16|          0|
    |p_0_0_0600_3884_fu_490             |  16|   0|   16|          0|
    |p_0_0_0600_3986_fu_498             |  16|   0|   16|          0|
    |p_0_0_0600_4088_fu_506             |  16|   0|   16|          0|
    |p_0_0_0600_416_fu_218              |  16|   0|   16|          0|
    |p_0_0_0600_4190_fu_514             |  16|   0|   16|          0|
    |p_0_0_0600_4292_fu_522             |  16|   0|   16|          0|
    |p_0_0_0600_4394_fu_530             |  16|   0|   16|          0|
    |p_0_0_0600_4496_fu_538             |  16|   0|   16|          0|
    |p_0_0_0600_4598_fu_546             |  16|   0|   16|          0|
    |p_0_0_0600_46100_fu_554            |  16|   0|   16|          0|
    |p_0_0_0600_47102_fu_562            |  16|   0|   16|          0|
    |p_0_0_0600_48104_fu_570            |  16|   0|   16|          0|
    |p_0_0_0600_49106_fu_578            |  16|   0|   16|          0|
    |p_0_0_0600_49108_fu_586            |  16|   0|   16|          0|
    |p_0_0_0600_518_fu_226              |  16|   0|   16|          0|
    |p_0_0_0600_620_fu_234              |  16|   0|   16|          0|
    |p_0_0_0600_722_fu_242              |  16|   0|   16|          0|
    |p_0_0_0600_824_fu_250              |  16|   0|   16|          0|
    |p_0_0_0600_926_fu_258              |  16|   0|   16|          0|
    |sum_im_10_reg_4929                 |  16|   0|   16|          0|
    |sum_im_11_reg_4939                 |  16|   0|   16|          0|
    |sum_im_12_reg_4949                 |  16|   0|   16|          0|
    |sum_im_13_reg_4959                 |  16|   0|   16|          0|
    |sum_im_14_reg_4969                 |  16|   0|   16|          0|
    |sum_im_15_reg_4979                 |  16|   0|   16|          0|
    |sum_im_16_reg_4989                 |  16|   0|   16|          0|
    |sum_im_17_reg_4999                 |  16|   0|   16|          0|
    |sum_im_18_reg_5009                 |  16|   0|   16|          0|
    |sum_im_19_reg_5019                 |  16|   0|   16|          0|
    |sum_im_20_reg_5029                 |  16|   0|   16|          0|
    |sum_im_21_reg_5039                 |  16|   0|   16|          0|
    |sum_im_22_reg_5049                 |  16|   0|   16|          0|
    |sum_im_23_reg_5059                 |  16|   0|   16|          0|
    |sum_im_23_reg_5059_pp0_iter3_reg   |  16|   0|   16|          0|
    |sum_im_2_reg_4842                  |  16|   0|   16|          0|
    |sum_im_3_reg_4854                  |  16|   0|   16|          0|
    |sum_im_4_reg_4865                  |  16|   0|   16|          0|
    |sum_im_4_reg_4865_pp0_iter3_reg    |  16|   0|   16|          0|
    |sum_im_5_reg_4876                  |  16|   0|   16|          0|
    |sum_im_6_reg_4887                  |  16|   0|   16|          0|
    |sum_im_7_reg_4897                  |  16|   0|   16|          0|
    |sum_im_8_reg_4908                  |  16|   0|   16|          0|
    |sum_im_9_reg_4919                  |  16|   0|   16|          0|
    |sum_im_reg_4820                    |  16|   0|   16|          0|
    |sum_im_reg_4820_pp0_iter3_reg      |  16|   0|   16|          0|
    |sum_re_10_reg_4924                 |  16|   0|   16|          0|
    |sum_re_11_reg_4934                 |  16|   0|   16|          0|
    |sum_re_12_reg_4944                 |  16|   0|   16|          0|
    |sum_re_13_reg_4954                 |  16|   0|   16|          0|
    |sum_re_14_reg_4964                 |  16|   0|   16|          0|
    |sum_re_15_reg_4974                 |  16|   0|   16|          0|
    |sum_re_16_reg_4984                 |  16|   0|   16|          0|
    |sum_re_17_reg_4994                 |  16|   0|   16|          0|
    |sum_re_18_reg_5004                 |  16|   0|   16|          0|
    |sum_re_19_reg_5014                 |  16|   0|   16|          0|
    |sum_re_20_reg_5024                 |  16|   0|   16|          0|
    |sum_re_21_reg_5034                 |  16|   0|   16|          0|
    |sum_re_22_reg_5044                 |  16|   0|   16|          0|
    |sum_re_23_reg_5054                 |  16|   0|   16|          0|
    |sum_re_23_reg_5054_pp0_iter3_reg   |  16|   0|   16|          0|
    |sum_re_2_reg_4836                  |  16|   0|   16|          0|
    |sum_re_3_reg_4848                  |  16|   0|   16|          0|
    |sum_re_4_reg_4860                  |  16|   0|   16|          0|
    |sum_re_4_reg_4860_pp0_iter3_reg    |  16|   0|   16|          0|
    |sum_re_5_reg_4870                  |  16|   0|   16|          0|
    |sum_re_6_reg_4882                  |  16|   0|   16|          0|
    |sum_re_7_reg_4892                  |  16|   0|   16|          0|
    |sum_re_8_reg_4902                  |  16|   0|   16|          0|
    |sum_re_9_reg_4914                  |  16|   0|   16|          0|
    |sum_re_reg_4814                    |  16|   0|   16|          0|
    |sum_re_reg_4814_pp0_iter3_reg      |  16|   0|   16|          0|
    |tmp_5_reg_5104                     |  18|   0|   18|          0|
    |tmp_6_reg_5109                     |  18|   0|   18|          0|
    |add_ln66_22_reg_5124               |  64|  32|   27|          0|
    |add_ln67_22_reg_5129               |  64|  32|   27|          0|
    |icmp_ln73_reg_4800                 |  64|  32|    1|          0|
    |p_0_0_0599_2661_load_reg_4809      |  64|  32|   16|          0|
    |p_0_0_0600_2660_load_reg_4804      |  64|  32|   16|          0|
    |sum_im_10_reg_4929                 |  64|  32|   16|          0|
    |sum_im_11_reg_4939                 |  64|  32|   16|          0|
    |sum_im_12_reg_4949                 |  64|  32|   16|          0|
    |sum_im_13_reg_4959                 |  64|  32|   16|          0|
    |sum_im_14_reg_4969                 |  64|  32|   16|          0|
    |sum_im_15_reg_4979                 |  64|  32|   16|          0|
    |sum_im_16_reg_4989                 |  64|  32|   16|          0|
    |sum_im_17_reg_4999                 |  64|  32|   16|          0|
    |sum_im_18_reg_5009                 |  64|  32|   16|          0|
    |sum_im_19_reg_5019                 |  64|  32|   16|          0|
    |sum_im_20_reg_5029                 |  64|  32|   16|          0|
    |sum_im_21_reg_5039                 |  64|  32|   16|          0|
    |sum_im_22_reg_5049                 |  64|  32|   16|          0|
    |sum_im_2_reg_4842                  |  64|  32|   16|          0|
    |sum_im_3_reg_4854                  |  64|  32|   16|          0|
    |sum_im_5_reg_4876                  |  64|  32|   16|          0|
    |sum_im_6_reg_4887                  |  64|  32|   16|          0|
    |sum_im_7_reg_4897                  |  64|  32|   16|          0|
    |sum_im_8_reg_4908                  |  64|  32|   16|          0|
    |sum_im_9_reg_4919                  |  64|  32|   16|          0|
    |sum_re_10_reg_4924                 |  64|  32|   16|          0|
    |sum_re_11_reg_4934                 |  64|  32|   16|          0|
    |sum_re_12_reg_4944                 |  64|  32|   16|          0|
    |sum_re_13_reg_4954                 |  64|  32|   16|          0|
    |sum_re_14_reg_4964                 |  64|  32|   16|          0|
    |sum_re_15_reg_4974                 |  64|  32|   16|          0|
    |sum_re_16_reg_4984                 |  64|  32|   16|          0|
    |sum_re_17_reg_4994                 |  64|  32|   16|          0|
    |sum_re_18_reg_5004                 |  64|  32|   16|          0|
    |sum_re_19_reg_5014                 |  64|  32|   16|          0|
    |sum_re_20_reg_5024                 |  64|  32|   16|          0|
    |sum_re_21_reg_5034                 |  64|  32|   16|          0|
    |sum_re_22_reg_5044                 |  64|  32|   16|          0|
    |sum_re_2_reg_4836                  |  64|  32|   16|          0|
    |sum_re_3_reg_4848                  |  64|  32|   16|          0|
    |sum_re_5_reg_4870                  |  64|  32|   16|          0|
    |sum_re_6_reg_4882                  |  64|  32|   16|          0|
    |sum_re_7_reg_4892                  |  64|  32|   16|          0|
    |sum_re_8_reg_4902                  |  64|  32|   16|          0|
    |sum_re_9_reg_4914                  |  64|  32|   16|          0|
    +-----------------------------------+----+----+-----+-----------+
    |Total                              |5547|1440| 3394|          0|
    +-----------------------------------+----+----+-----+-----------+



================================================================
== Interface
================================================================
* Summary: 
+------------------------------+-----+-----+------------+-------------------------------------------+--------------+
|           RTL Ports          | Dir | Bits|  Protocol  |               Source Object               |    C Type    |
+------------------------------+-----+-----+------------+-------------------------------------------+--------------+
|ap_clk                        |   in|    1|  ap_ctrl_hs|  module0_prefilter_Pipeline_PREFILTER_LOOP|  return value|
|ap_rst                        |   in|    1|  ap_ctrl_hs|  module0_prefilter_Pipeline_PREFILTER_LOOP|  return value|
|ap_start                      |   in|    1|  ap_ctrl_hs|  module0_prefilter_Pipeline_PREFILTER_LOOP|  return value|
|ap_done                       |  out|    1|  ap_ctrl_hs|  module0_prefilter_Pipeline_PREFILTER_LOOP|  return value|
|ap_idle                       |  out|    1|  ap_ctrl_hs|  module0_prefilter_Pipeline_PREFILTER_LOOP|  return value|
|ap_ready                      |  out|    1|  ap_ctrl_hs|  module0_prefilter_Pipeline_PREFILTER_LOOP|  return value|
|data_in_dout                  |   in|   32|     ap_fifo|                                    data_in|       pointer|
|data_in_empty_n               |   in|    1|     ap_fifo|                                    data_in|       pointer|
|data_in_read                  |  out|    1|     ap_fifo|                                    data_in|       pointer|
|m0_to_m1_data_din             |  out|   32|     ap_fifo|                              m0_to_m1_data|       pointer|
|m0_to_m1_data_full_n          |   in|    1|     ap_fifo|                              m0_to_m1_data|       pointer|
|m0_to_m1_data_write           |  out|    1|     ap_fifo|                              m0_to_m1_data|       pointer|
|m0_to_m1_data_num_data_valid  |   in|    7|     ap_fifo|                              m0_to_m1_data|       pointer|
|m0_to_m1_data_fifo_cap        |   in|    7|     ap_fifo|                              m0_to_m1_data|       pointer|
|num_samples                   |   in|   32|     ap_none|                                num_samples|        scalar|
|filteredLen                   |   in|   32|     ap_none|                                filteredLen|        scalar|
+------------------------------+-----+-----+------------+-------------------------------------------+--------------+

