================================================================
== Design Size Report
================================================================

* Total Instructions per Compilation Phase
+---------------+-----------------------------+--------------+----------------------------------------------------------------------------------------+
| Phase         | Step                        | Instructions | Description                                                                            |
+---------------+-----------------------------+--------------+----------------------------------------------------------------------------------------+
| Compile/Link  |                             | 9,246        | After all functions are compiled and linked into a single design                       |
|               |                             |              |                                                                                        |
| Unroll/Inline |                             |              | After user unroll and inline pragmas are applied                                       |
|               | (1) unroll                  |   999        | user unroll pragmas are applied                                                        |
|               | (2) simplification          |   338        | simplification of applied user unroll pragmas                                          |
|               | (3) inline                  |   310        | user inline pragmas are applied                                                        |
|               | (4) simplification          |   257        | simplification of applied user inline pragmas                                          |
|               |                             |              |                                                                                        |
| Array/Struct  |                             |              | After user array partition and struct aggregate/disaggregate pragmas are applied       |
|               | (1) array partition         |   239        | user array partition pragmas are applied                                               |
|               | (2) simplification          |   239        | simplification of applied user array partition & struct aggregate/disaggregate pragmas |
|               | (3) aggregate/disaggregate  |   244        | user struct aggregate/disaggregate pragmas are applied                                 |
|               | (4) array reshape           |   304        | apply array reshape pragmas                                                            |
|               | (5) access patterns         |   318        | array access pattern optmizations                                                      |
|               |                             |              |                                                                                        |
| Performance   |                             |              | After transformations are applied to meet performance pragma targets                   |
|               | (1) loop simplification     |   318        | loop and instruction simplification                                                    |
|               | (2) parallelization         |   314        | loops are unrolled or pipelined to meet performance targets                            |
|               | (3) array partition         |   312        | arrays are partitioned to meet performance targets                                     |
|               | (4) simplification          |   312        | simplification of design after performance transformations                             |
|               |                             |              |                                                                                        |
| HW Transforms |                             |              | After hardware transfomations                                                          |
|               | (1) lowering                |   312        | initial conversion to HW specific instructions                                         |
|               | (2) optimizations           |   318        | high level synthesis optimizations                                                     |
+---------------+-----------------------------+--------------+----------------------------------------------------------------------------------------+

* Instructions per Function for each Compilation Phase
+----------------------+---------------------------+----------------+---------------+--------------+-------------+---------------+
| Function             | Location                  | Compile/Link   | Unroll/Inline | Array/Struct | Performance | HW Transforms |
+----------------------+---------------------------+----------------+---------------+--------------+-------------+---------------+
| + module2_coarse_cfo | module2_coarse_cfo.cpp:66 | 9,246          | 257           | 318          | 312         | 318           |
|    complex_t         | common_types_opt.hpp:24   |  210 (2 calls) |               |              |             |               |
|    fp_atan2_nco      | module2_coarse_cfo.cpp:32 | 4,077          |               |              |             |               |
+----------------------+---------------------------+----------------+---------------+--------------+-------------+---------------+

* Design Size Message Settings
+---------------------------------------------+--------+------------------------------------------------------------------+
| Message Setting                             | Value  | Description                                                      |
+---------------------------------------------+--------+------------------------------------------------------------------+
| config_compile -design_size_maximum_warning | 100000 | Show a warning when total design instructions exceeds this value |
+---------------------------------------------+--------+------------------------------------------------------------------+


