================================================================
== Design Size Report
================================================================

* Total Instructions per Compilation Phase
+---------------+-----------------------------+--------------+----------------------------------------------------------------------------------------+
| Phase         | Step                        | Instructions | Description                                                                            |
+---------------+-----------------------------+--------------+----------------------------------------------------------------------------------------+
| Compile/Link  |                             | 6,672        | After all functions are compiled and linked into a single design                       |
|               |                             |              |                                                                                        |
| Unroll/Inline |                             |              | After user unroll and inline pragmas are applied                                       |
|               | (1) unroll                  |   908        | user unroll pragmas are applied                                                        |
|               | (2) simplification          |   374        | simplification of applied user unroll pragmas                                          |
|               | (3) inline                  |   356        | user inline pragmas are applied                                                        |
|               | (4) simplification          |   344        | simplification of applied user inline pragmas                                          |
|               |                             |              |                                                                                        |
| Array/Struct  |                             |              | After user array partition and struct aggregate/disaggregate pragmas are applied       |
|               | (1) array partition         |   827        | user array partition pragmas are applied                                               |
|               | (2) simplification          |   483        | simplification of applied user array partition & struct aggregate/disaggregate pragmas |
|               | (3) aggregate/disaggregate  |   485        | user struct aggregate/disaggregate pragmas are applied                                 |
|               | (4) array reshape           |   507        | apply array reshape pragmas                                                            |
|               | (5) access patterns         |   642        | array access pattern optmizations                                                      |
|               |                             |              |                                                                                        |
| Performance   |                             |              | After transformations are applied to meet performance pragma targets                   |
|               | (1) loop simplification     |   513        | loop and instruction simplification                                                    |
|               | (2) parallelization         |   463        | loops are unrolled or pipelined to meet performance targets                            |
|               | (3) array partition         |   462        | arrays are partitioned to meet performance targets                                     |
|               | (4) simplification          |   462        | simplification of design after performance transformations                             |
|               |                             |              |                                                                                        |
| HW Transforms |                             |              | After hardware transfomations                                                          |
|               | (1) lowering                |   462        | initial conversion to HW specific instructions                                         |
|               | (2) optimizations           |   458        | high level synthesis optimizations                                                     |
+---------------+-----------------------------+--------------+----------------------------------------------------------------------------------------+

* Instructions per Function for each Compilation Phase
+-------------------------+-----------------------------+----------------+---------------+--------------+-------------+---------------+
| Function                | Location                    | Compile/Link   | Unroll/Inline | Array/Struct | Performance | HW Transforms |
+-------------------------+-----------------------------+----------------+---------------+--------------+-------------+---------------+
| + module1_packet_detect | module1_packet_detect.cpp:9 | 6,672          | 344           | 642          | 462         | 458           |
|    complex_t            | common_types_opt.hpp:24     |  210 (2 calls) |               |              |             |               |
+-------------------------+-----------------------------+----------------+---------------+--------------+-------------+---------------+

* Design Size Message Settings
+---------------------------------------------+--------+------------------------------------------------------------------+
| Message Setting                             | Value  | Description                                                      |
+---------------------------------------------+--------+------------------------------------------------------------------+
| config_compile -design_size_maximum_warning | 100000 | Show a warning when total design instructions exceeds this value |
+---------------------------------------------+--------+------------------------------------------------------------------+


